<?xml version="1.0" encoding="UTF-8"?>
<!-- Generated by org.testng.reporters.JUnitReportReporter -->
<testsuite hostname="Madhuri" failures="0" tests="1" name="testCases.Tc_01_Accountregistration" time="4.857" errors="0" timestamp="2023-06-05T09:08:50 IST" skipped="0">
  <testcase classname="testCases.Tc_01_Accountregistration" name="acc_registration" time="4.857"/>
  <system-out/>
</testsuite> <!-- testCases.Tc_01_Accountregistration -->
