<?xml version="1.0" encoding="UTF-8"?>
<!-- Generated by org.testng.reporters.JUnitReportReporter -->
<testsuite hostname="Madhuri" failures="0" tests="5" name="testCases.Tc_003_LoginDataDrivenTest" time="55.419" errors="0" timestamp="2023-06-01T19:02:09 IST" skipped="0">
  <testcase classname="testCases.Tc_003_LoginDataDrivenTest" name="test_LoginDDT" time="11.284"/>
  <system-out/>
  <testcase classname="testCases.Tc_003_LoginDataDrivenTest" name="test_LoginDDT" time="11.063"/>
  <system-out/>
  <testcase classname="testCases.Tc_003_LoginDataDrivenTest" name="test_LoginDDT" time="11.058"/>
  <system-out/>
  <testcase classname="testCases.Tc_003_LoginDataDrivenTest" name="test_LoginDDT" time="11.065"/>
  <system-out/>
  <testcase classname="testCases.Tc_003_LoginDataDrivenTest" name="test_LoginDDT" time="10.949"/>
  <system-out/>
</testsuite> <!-- testCases.Tc_003_LoginDataDrivenTest -->
