<?xml version="1.0" encoding="UTF-8"?>
<!-- Generated by org.testng.reporters.JUnitReportReporter -->
<testsuite hostname="Madhuri" failures="0" tests="1" name="testCases.Tc_02_LoginTest" time="2.282" errors="0" timestamp="2023-06-05T09:08:50 IST" skipped="0">
  <testcase classname="testCases.Tc_02_LoginTest" name="test_login" time="2.282"/>
  <system-out/>
</testsuite> <!-- testCases.Tc_02_LoginTest -->
